Using pre-set license
Built from '2021.3/staging' branch; Version is '2021.3.45f1 (0da89fac8e79) revision 895135'; Using compiler version '192829333'; Build Type 'Release'
OS: 'Windows 11  (10.0.22631) 64bit Professional' Language: 'en' Physical Memory: 32718 MB
BatchMode: 1, IsHumanControllingUs: 0, StartBugReporterOnCrash: 0, Is64bit: 1, IsPro: 1

COMMAND LINE ARGUMENTS:
D:\U\2021.3.45f1\Editor\Unity.exe
-adb2
-batchMode
-noUpm
-name
AssetImportWorker0
-projectPath
D:/git/7DTD-v1.2-cs.mods/Acid Collector/src/extracted unitty3d/ExportedProject
-logFile
Logs/AssetImportWorker0.log
-srvPort
53022
Successfully changed project path to: D:/git/7DTD-v1.2-cs.mods/Acid Collector/src/extracted unitty3d/ExportedProject
D:/git/7DTD-v1.2-cs.mods/Acid Collector/src/extracted unitty3d/ExportedProject
[UnityMemory] Configuration Parameters - Can be set up in boot.config
    "memorysetup-bucket-allocator-granularity=16"
    "memorysetup-bucket-allocator-bucket-count=8"
    "memorysetup-bucket-allocator-block-size=33554432"
    "memorysetup-bucket-allocator-block-count=8"
    "memorysetup-main-allocator-block-size=16777216"
    "memorysetup-thread-allocator-block-size=16777216"
    "memorysetup-gfx-main-allocator-block-size=16777216"
    "memorysetup-gfx-thread-allocator-block-size=16777216"
    "memorysetup-cache-allocator-block-size=4194304"
    "memorysetup-typetree-allocator-block-size=2097152"
    "memorysetup-profiler-bucket-allocator-granularity=16"
    "memorysetup-profiler-bucket-allocator-bucket-count=8"
    "memorysetup-profiler-bucket-allocator-block-size=33554432"
    "memorysetup-profiler-bucket-allocator-block-count=8"
    "memorysetup-profiler-allocator-block-size=16777216"
    "memorysetup-profiler-editor-allocator-block-size=1048576"
    "memorysetup-temp-allocator-size-main=16777216"
    "memorysetup-job-temp-allocator-block-size=2097152"
    "memorysetup-job-temp-allocator-block-size-background=1048576"
    "memorysetup-job-temp-allocator-reduction-small-platforms=262144"
    "memorysetup-temp-allocator-size-background-worker=32768"
    "memorysetup-temp-allocator-size-job-worker=262144"
    "memorysetup-temp-allocator-size-preload-manager=33554432"
    "memorysetup-temp-allocator-size-nav-mesh-worker=65536"
    "memorysetup-temp-allocator-size-audio-worker=65536"
    "memorysetup-temp-allocator-size-cloud-worker=32768"
    "memorysetup-temp-allocator-size-gi-baking-worker=262144"
    "memorysetup-temp-allocator-size-gfx=262144"
Player connection [19232] Host "[IP] 192.168.1.162 [Port] 0 [Flags] 2 [Guid] 1949204663 [EditorId] 1949204663 [Version] 1048832 [Id] WindowsEditor(7,BUNGEE) [Debug] 1 [PackageName] WindowsEditor [ProjectName] Editor" joined multi-casting on [225.0.0.222:54997]...

Player connection [19232] Host "[IP] 192.168.1.162 [Port] 0 [Flags] 2 [Guid] 1949204663 [EditorId] 1949204663 [Version] 1048832 [Id] WindowsEditor(7,BUNGEE) [Debug] 1 [PackageName] WindowsEditor [ProjectName] Editor" joined alternative multi-casting on [225.0.0.222:34997]...

[Physics::Module] Initialized MultithreadedJobDispatcher with {0} workers.
Refreshing native plugins compatible for Editor in 1.43 ms, found 0 plugins.
Preloading 0 native plugins for Editor in 0.00 ms.
Initialize engine version: 2021.3.45f1 (0da89fac8e79)
[Subsystems] Discovering subsystems at path D:/U/2021.3.45f1/Editor/Data/Resources/UnitySubsystems
[Subsystems] Discovering subsystems at path D:/git/7DTD-v1.2-cs.mods/Acid Collector/src/extracted unitty3d/ExportedProject/Assets
GfxDevice: creating device client; threaded=0; jobified=0
Direct3D:
    Version:  Direct3D 11.0 [level 11.1]
    Renderer: NVIDIA TITAN X (Pascal) (ID=0x1b00)
    Vendor:   NVIDIA
    VRAM:     12126 MB
    Driver:   32.0.15.6636
Initialize mono
Mono path[0] = 'D:/U/2021.3.45f1/Editor/Data/Managed'
Mono path[1] = 'D:/U/2021.3.45f1/Editor/Data/MonoBleedingEdge/lib/mono/unityjit-win32'
Mono config path = 'D:/U/2021.3.45f1/Editor/Data/MonoBleedingEdge/etc'
Using monoOptions --debugger-agent=transport=dt_socket,embedding=1,server=y,suspend=n,address=127.0.0.1:56968
Begin MonoManager ReloadAssembly
Registering precompiled unity dll's ...
Register platform support module: D:/U/2021.3.45f1/Editor/Data/PlaybackEngines/WindowsStandaloneSupport/UnityEditor.WindowsStandalone.Extensions.dll
Registered in 0.001749 seconds.
Native extension for WindowsStandalone target not found
Refreshing native plugins compatible for Editor in 0.73 ms, found 0 plugins.
Preloading 0 native plugins for Editor in 0.00 ms.
Diagnostic switches are active and may impact performance or degrade your user experience. Switches can be configured through the Diagnostics section in the Preferences window.
	MemorySnapshotBlockCount: 64
Mono: successfully reloaded assembly
- Completed reload, in  0.591 seconds
Domain Reload Profiling:
	ReloadAssembly (592ms)
		BeginReloadAssembly (97ms)
			ExecutionOrderSort (0ms)
			DisableScriptedObjects (0ms)
			BackupInstance (0ms)
			ReleaseScriptingObjects (0ms)
			CreateAndSetChildDomain (1ms)
		EndReloadAssembly (403ms)
			LoadAssemblies (97ms)
			RebuildTransferFunctionScriptingTraits (0ms)
			SetupTypeCache (118ms)
			ReleaseScriptCaches (0ms)
			RebuildScriptCaches (28ms)
			SetupLoadedEditorAssemblies (223ms)
				LogAssemblyErrors (0ms)
				InitializePlatformSupportModulesInManaged (6ms)
				SetLoadedEditorAssemblies (0ms)
				RefreshPlugins (1ms)
				BeforeProcessingInitializeOnLoad (1ms)
				ProcessInitializeOnLoadAttributes (159ms)
				ProcessInitializeOnLoadMethodAttributes (56ms)
				AfterProcessingInitializeOnLoad (0ms)
				EditorAssembliesLoaded (0ms)
			ExecutionOrderSort2 (0ms)
			AwakeInstancesAfterBackupRestoration (0ms)
Platform modules already initialized, skipping
Registering precompiled user dll's ...
Registered in 0.000000 seconds.
Begin MonoManager ReloadAssembly
Native extension for WindowsStandalone target not found
Refreshing native plugins compatible for Editor in 0.03 ms, found 0 plugins.
Preloading 0 native plugins for Editor in 0.00 ms.
Diagnostic switches are active and may impact performance or degrade your user experience. Switches can be configured through the Diagnostics section in the Preferences window.
	MemorySnapshotBlockCount: 64
Mono: successfully reloaded assembly
- Completed reload, in  0.630 seconds
Domain Reload Profiling:
	ReloadAssembly (631ms)
		BeginReloadAssembly (139ms)
			ExecutionOrderSort (0ms)
			DisableScriptedObjects (7ms)
			BackupInstance (0ms)
			ReleaseScriptingObjects (0ms)
			CreateAndSetChildDomain (21ms)
		EndReloadAssembly (414ms)
			LoadAssemblies (83ms)
			RebuildTransferFunctionScriptingTraits (0ms)
			SetupTypeCache (125ms)
			ReleaseScriptCaches (0ms)
			RebuildScriptCaches (35ms)
			SetupLoadedEditorAssemblies (173ms)
				LogAssemblyErrors (0ms)
				InitializePlatformSupportModulesInManaged (4ms)
				SetLoadedEditorAssemblies (1ms)
				RefreshPlugins (0ms)
				BeforeProcessingInitializeOnLoad (16ms)
				ProcessInitializeOnLoadAttributes (132ms)
				ProcessInitializeOnLoadMethodAttributes (17ms)
				AfterProcessingInitializeOnLoad (2ms)
				EditorAssembliesLoaded (0ms)
			ExecutionOrderSort2 (0ms)
			AwakeInstancesAfterBackupRestoration (7ms)
Platform modules already initialized, skipping
========================================================================
Worker process is ready to serve import requests
Launched and connected shader compiler UnityShaderCompiler.exe after 0.11 seconds
Refreshing native plugins compatible for Editor in 0.03 ms, found 0 plugins.
Preloading 0 native plugins for Editor in 0.00 ms.
Unloading 6 Unused Serialized files (Serialized files now loaded: 0)
Unloading 2 unused Assets / (37.7 KB). Loaded Objects now: 476.
Memory consumption went from 20.3 MB to 20.3 MB.
Total: 2.713300 ms (FindLiveObjects: 0.036000 ms CreateObjectMapping: 0.003700 ms MarkObjects: 2.619600 ms  DeleteObjects: 0.052600 ms)

AssetImportParameters requested are different than current active one (requested -> active):
  custom:video-decoder-ogg-theora: a1e56fd34408186e4bbccfd4996cb3dc -> 
  custom:container-muxer-webm: aa71ff27fc2769a1b78a27578f13a17b -> 
  custom:container-demuxer-webm: 4f35f7cbe854078d1ac9338744f61a02 -> 
  custom:video-encoder-webm-vp8: eb34c28f22e8b96e1ab97ce403110664 -> 
  custom:video-codec-MediaFoundation-h265: 746d11721c4dcdbdad8f713fa42b33f4 -> 
  custom:CustomObjectIndexerAttribute: bc11b3a6c3213fcdd17b65e7da85e133 -> 
  custom:audio-encoder-webm-vorbis: bf7c407c2cedff20999df2af8eb42d56 -> 
  custom:framework-win-MediaFoundation: 216162199b28c13a410421893ffa2e32 -> 
  custom:SearchIndexIgnoredProperties: e643bd26f0fe6173181afceb89e7c659 -> 
  custom:container-demuxer-ogg: 62fdf1f143b41e24485cea50d1cbac27 -> 
  custom:video-decoder-webm-vp8: 9c59270c3fd7afecdb556c50c9e8de78 -> 
  custom:audio-decoder-ogg-vorbis: bf7c407c2cedff20999df2af8eb42d56 -> 
========================================================================
Received Import Request.
  Time since last request: 43769.109842 seconds.
  path: Assets/prefab/IZY_Collector_Compact01.prefab
  artifactKey: Guid(601718c72911f834da26f06d52306efb) Importer(815301076,1909f56bfc062723c751e8b465ee728b)
Number of updated assets reloaded before import = 0
Start importing Assets/prefab/IZY_Collector_Compact01.prefab using Guid(601718c72911f834da26f06d52306efb) Importer(815301076,1909f56bfc062723c751e8b465ee728b)  -> (artifact id: 'a0a33a64f85527959451813d85b12fff') in 0.414231 seconds 
Number of asset objects unloaded after import = 152
========================================================================
Received Import Request.
  Time since last request: 37.488319 seconds.
  path: Assets/prefab
  artifactKey: Guid(38139d1f25d70d24ebc672d82d7b26c0) Importer(815301076,1909f56bfc062723c751e8b465ee728b)
Number of updated assets reloaded before import = 0
Start importing Assets/prefab using Guid(38139d1f25d70d24ebc672d82d7b26c0) Importer(815301076,1909f56bfc062723c751e8b465ee728b)  -> (artifact id: 'bbe5081beb037749a7534f26be28c4b8') in 0.003478 seconds 
Number of asset objects unloaded after import = 0
========================================================================
Received Prepare
Registering precompiled user dll's ...
Registered in 0.000000 seconds.
Begin MonoManager ReloadAssembly
Native extension for WindowsStandalone target not found
Refreshing native plugins compatible for Editor in 0.02 ms, found 0 plugins.
Preloading 0 native plugins for Editor in 0.00 ms.
Diagnostic switches are active and may impact performance or degrade your user experience. Switches can be configured through the Diagnostics section in the Preferences window.
	MemorySnapshotBlockCount: 64
Mono: successfully reloaded assembly
- Completed reload, in  0.646 seconds
Domain Reload Profiling:
	ReloadAssembly (647ms)
		BeginReloadAssembly (153ms)
			ExecutionOrderSort (0ms)
			DisableScriptedObjects (9ms)
			BackupInstance (0ms)
			ReleaseScriptingObjects (0ms)
			CreateAndSetChildDomain (20ms)
		EndReloadAssembly (423ms)
			LoadAssemblies (95ms)
			RebuildTransferFunctionScriptingTraits (0ms)
			SetupTypeCache (113ms)
			ReleaseScriptCaches (0ms)
			RebuildScriptCaches (33ms)
			SetupLoadedEditorAssemblies (192ms)
				LogAssemblyErrors (0ms)
				InitializePlatformSupportModulesInManaged (4ms)
				SetLoadedEditorAssemblies (0ms)
				RefreshPlugins (0ms)
				BeforeProcessingInitializeOnLoad (22ms)
				ProcessInitializeOnLoadAttributes (143ms)
				ProcessInitializeOnLoadMethodAttributes (18ms)
				AfterProcessingInitializeOnLoad (4ms)
				EditorAssembliesLoaded (0ms)
			ExecutionOrderSort2 (0ms)
			AwakeInstancesAfterBackupRestoration (7ms)
Platform modules already initialized, skipping
Refreshing native plugins compatible for Editor in 0.03 ms, found 0 plugins.
Preloading 0 native plugins for Editor in 0.00 ms.
Unloading 4 Unused Serialized files (Serialized files now loaded: 0)
Unloading 0 unused Assets / (8.8 KB). Loaded Objects now: 487.
Memory consumption went from 24.4 MB to 24.3 MB.
Total: 1.714500 ms (FindLiveObjects: 0.041800 ms CreateObjectMapping: 0.005300 ms MarkObjects: 1.662400 ms  DeleteObjects: 0.004100 ms)

AssetImportParameters requested are different than current active one (requested -> active):
  custom:video-decoder-ogg-theora: a1e56fd34408186e4bbccfd4996cb3dc -> 
  custom:container-muxer-webm: aa71ff27fc2769a1b78a27578f13a17b -> 
  custom:container-demuxer-webm: 4f35f7cbe854078d1ac9338744f61a02 -> 
  custom:video-encoder-webm-vp8: eb34c28f22e8b96e1ab97ce403110664 -> 
  custom:video-codec-MediaFoundation-h265: 746d11721c4dcdbdad8f713fa42b33f4 -> 
  custom:CustomObjectIndexerAttribute: bc11b3a6c3213fcdd17b65e7da85e133 -> 
  custom:audio-encoder-webm-vorbis: bf7c407c2cedff20999df2af8eb42d56 -> 
  custom:framework-win-MediaFoundation: 216162199b28c13a410421893ffa2e32 -> 
  custom:SearchIndexIgnoredProperties: e643bd26f0fe6173181afceb89e7c659 -> 
  custom:container-demuxer-ogg: 62fdf1f143b41e24485cea50d1cbac27 -> 
  custom:video-decoder-webm-vp8: 9c59270c3fd7afecdb556c50c9e8de78 -> 
  custom:audio-decoder-ogg-vorbis: bf7c407c2cedff20999df2af8eb42d56 -> 
========================================================================
Received Import Request.
  Time since last request: 98.029409 seconds.
  path: Assets/prefab/Acid_Collector.prefab
  artifactKey: Guid(601718c72911f834da26f06d52306efb) Importer(815301076,1909f56bfc062723c751e8b465ee728b)
Number of updated assets reloaded before import = 0
Start importing Assets/prefab/Acid_Collector.prefab using Guid(601718c72911f834da26f06d52306efb) Importer(815301076,1909f56bfc062723c751e8b465ee728b)  -> (artifact id: '19da2770f470af71e58985474c5bccf2') in 0.100737 seconds 
Number of asset objects unloaded after import = 152
========================================================================
Received Import Request.
  Time since last request: 63.872760 seconds.
  path: Assets/izydewcol/dew_collector/CC_green 1.png
  artifactKey: Guid(fdca30964379fa944aff09e05f0fa19d) Importer(815301076,1909f56bfc062723c751e8b465ee728b)
Number of updated assets reloaded before import = 0
Start importing Assets/izydewcol/dew_collector/CC_green 1.png using Guid(fdca30964379fa944aff09e05f0fa19d) Importer(815301076,1909f56bfc062723c751e8b465ee728b)  -> (artifact id: '492fafb29341b3d776e17103f44fec35') in 0.060365 seconds 
Number of asset objects unloaded after import = 2
========================================================================
Received Import Request.
  Time since last request: 0.000015 seconds.
  path: Assets/izydewcol/dew_collector/collectorDew_n.png
  artifactKey: Guid(ce4ed1b8407e7604dab29a12ae36292e) Importer(815301076,1909f56bfc062723c751e8b465ee728b)
Number of updated assets reloaded before import = 0
Start importing Assets/izydewcol/dew_collector/collectorDew_n.png using Guid(ce4ed1b8407e7604dab29a12ae36292e) Importer(815301076,1909f56bfc062723c751e8b465ee728b)  -> (artifact id: '0991306ee6a1fafd09e17f66c6a8dce1') in 0.016996 seconds 
Number of asset objects unloaded after import = 2
========================================================================
Received Import Request.
  Time since last request: 0.626389 seconds.
  path: Assets/izydewcol/dew_collector/materials/collectorDew 1.mat
  artifactKey: Guid(ae6fb184f351fa94dbc8eea0ccd43ec7) Importer(815301076,1909f56bfc062723c751e8b465ee728b)
Number of updated assets reloaded before import = 0
Start importing Assets/izydewcol/dew_collector/materials/collectorDew 1.mat using Guid(ae6fb184f351fa94dbc8eea0ccd43ec7) Importer(815301076,1909f56bfc062723c751e8b465ee728b)  -> (artifact id: '254174428bd641f99e8e53ebafae78ab') in 0.037534 seconds 
Number of asset objects unloaded after import = 3
========================================================================
Received Import Request.
  Time since last request: 44.885191 seconds.
  path: Assets/prefab/AcidCollector.asset
  artifactKey: Guid(438034f83c694ef4692b03da922e720a) Importer(815301076,1909f56bfc062723c751e8b465ee728b)
Number of updated assets reloaded before import = 0
Start importing Assets/prefab/AcidCollector.asset using Guid(438034f83c694ef4692b03da922e720a) Importer(815301076,1909f56bfc062723c751e8b465ee728b)  -> (artifact id: '4b4de0134388c6e60d773392d183a7d6') in 0.005999 seconds 
Number of asset objects unloaded after import = 1
========================================================================
Received Import Request.
  Time since last request: 0.013304 seconds.
  path: Assets/prefab/Acid_Collector.prefab
  artifactKey: Guid(601718c72911f834da26f06d52306efb) Importer(815301076,1909f56bfc062723c751e8b465ee728b)
Number of updated assets reloaded before import = 0
Start importing Assets/prefab/Acid_Collector.prefab using Guid(601718c72911f834da26f06d52306efb) Importer(815301076,1909f56bfc062723c751e8b465ee728b)  -> (artifact id: '44ef8b21beafecbcd070fe18eca2ee08') in 0.033169 seconds 
Number of asset objects unloaded after import = 152
========================================================================
Received Import Request.
  Time since last request: 5.913311 seconds.
  path: Assets/izydewcol/pipes/source/blocker.asset
  artifactKey: Guid(060bdb1ba11c24446958efaf9e986cce) Importer(815301076,1909f56bfc062723c751e8b465ee728b)
Number of updated assets reloaded before import = 0
Start importing Assets/izydewcol/pipes/source/blocker.asset using Guid(060bdb1ba11c24446958efaf9e986cce) Importer(815301076,1909f56bfc062723c751e8b465ee728b)  -> (artifact id: 'bb068234587d6e6e371d17da2675f495') in 0.240556 seconds 
Number of asset objects unloaded after import = 1
========================================================================
Received Import Request.
  Time since last request: 0.000020 seconds.
  path: Assets/izydewcol/pipes/source/Pipe.063.asset
  artifactKey: Guid(f4edd14a8b8b9ef47880baa0f113d3f1) Importer(815301076,1909f56bfc062723c751e8b465ee728b)
Number of updated assets reloaded before import = 0
Start importing Assets/izydewcol/pipes/source/Pipe.063.asset using Guid(f4edd14a8b8b9ef47880baa0f113d3f1) Importer(815301076,1909f56bfc062723c751e8b465ee728b)  -> (artifact id: 'e664d440728671dba12efde963f88449') in 0.012323 seconds 
Number of asset objects unloaded after import = 1
========================================================================
Received Import Request.
  Time since last request: 0.000044 seconds.
  path: Assets/izydewcol/assetstuff/collectorDew_LOD0.asset
  artifactKey: Guid(f7d746c63acc7bb48b8cc885d3b42f7d) Importer(815301076,1909f56bfc062723c751e8b465ee728b)
Number of updated assets reloaded before import = 0
Start importing Assets/izydewcol/assetstuff/collectorDew_LOD0.asset using Guid(f7d746c63acc7bb48b8cc885d3b42f7d) Importer(815301076,1909f56bfc062723c751e8b465ee728b)  -> (artifact id: 'e88a254c8905411f216172654f44e27f') in 0.012632 seconds 
Number of asset objects unloaded after import = 1
========================================================================
Received Import Request.
  Time since last request: 0.000019 seconds.
  path: Assets/izydewcol/pipes/source/textures/modular_pipes_pipes.002_BaseColor.png
  artifactKey: Guid(a56242f6438dcdd499ed0c62139aec87) Importer(815301076,1909f56bfc062723c751e8b465ee728b)
Number of updated assets reloaded before import = 0
Start importing Assets/izydewcol/pipes/source/textures/modular_pipes_pipes.002_BaseColor.png using Guid(a56242f6438dcdd499ed0c62139aec87) Importer(815301076,1909f56bfc062723c751e8b465ee728b)  -> (artifact id: 'e2b7078b126d5b6eef848a4250843b1c') in 0.015912 seconds 
Number of asset objects unloaded after import = 2
========================================================================
Received Import Request.
  Time since last request: 0.000012 seconds.
  path: Assets/izydewcol/pipes/source/textures/modular_pipes_pipes.002_Normal.png
  artifactKey: Guid(7f1d91e374607394ab5a1733ed535315) Importer(815301076,1909f56bfc062723c751e8b465ee728b)
Number of updated assets reloaded before import = 0
Start importing Assets/izydewcol/pipes/source/textures/modular_pipes_pipes.002_Normal.png using Guid(7f1d91e374607394ab5a1733ed535315) Importer(815301076,1909f56bfc062723c751e8b465ee728b)  -> (artifact id: '43358f2549b7a099904a3c4b55f9a6f8') in 0.012521 seconds 
Number of asset objects unloaded after import = 2
========================================================================
Received Import Request.
  Time since last request: 0.000013 seconds.
  path: Assets/izydewcol/assetstuff/gasmaskfilter/textures/GP5Low_Base_BaseColor.png
  artifactKey: Guid(9523a41949d5b7e42a0486b958a02433) Importer(815301076,1909f56bfc062723c751e8b465ee728b)
Number of updated assets reloaded before import = 0
Start importing Assets/izydewcol/assetstuff/gasmaskfilter/textures/GP5Low_Base_BaseColor.png using Guid(9523a41949d5b7e42a0486b958a02433) Importer(815301076,1909f56bfc062723c751e8b465ee728b)  -> (artifact id: '06563cd4b8abbb437474e5db0717c149') in 0.011416 seconds 
Number of asset objects unloaded after import = 2
========================================================================
Received Import Request.
  Time since last request: 0.000012 seconds.
  path: Assets/izydewcol/pipes/source/Pipe.078.asset
  artifactKey: Guid(cacce5eb1922a4841a996910fb6b531a) Importer(815301076,1909f56bfc062723c751e8b465ee728b)
Number of updated assets reloaded before import = 0
Start importing Assets/izydewcol/pipes/source/Pipe.078.asset using Guid(cacce5eb1922a4841a996910fb6b531a) Importer(815301076,1909f56bfc062723c751e8b465ee728b)  -> (artifact id: '7107274822dc49584e104568b6a38a97') in 0.010776 seconds 
Number of asset objects unloaded after import = 1
========================================================================
Received Import Request.
  Time since last request: 0.000012 seconds.
  path: Assets/izydewcol/assetstuff/gasmaskfilter/materials/GP5Low_Base_BaseColor.mat
  artifactKey: Guid(a38054b7c5a1ea643a957a828e72b826) Importer(815301076,1909f56bfc062723c751e8b465ee728b)
Number of updated assets reloaded before import = 0
Start importing Assets/izydewcol/assetstuff/gasmaskfilter/materials/GP5Low_Base_BaseColor.mat using Guid(a38054b7c5a1ea643a957a828e72b826) Importer(815301076,1909f56bfc062723c751e8b465ee728b)  -> (artifact id: '21e22742acaaa7eaee83b5c75d78592f') in 0.013495 seconds 
Number of asset objects unloaded after import = 3
========================================================================
Received Import Request.
  Time since last request: 0.000013 seconds.
  path: Assets/izydewcol/pipes/source/Pipe.059.asset
  artifactKey: Guid(60809365ae150b74aa1417d60e667e4d) Importer(815301076,1909f56bfc062723c751e8b465ee728b)
Number of updated assets reloaded before import = 0
Start importing Assets/izydewcol/pipes/source/Pipe.059.asset using Guid(60809365ae150b74aa1417d60e667e4d) Importer(815301076,1909f56bfc062723c751e8b465ee728b)  -> (artifact id: 'a57a82cc5864247600d4a938c17a3ed8') in 0.010879 seconds 
Number of asset objects unloaded after import = 1
========================================================================
Received Import Request.
  Time since last request: 0.000051 seconds.
  path: Assets/izydewcol/assetstuff/gasmaskfilter/textures/GP5Low_Base_Normal.png
  artifactKey: Guid(a43bf6942fc6048438ebb1b1e8204a9c) Importer(815301076,1909f56bfc062723c751e8b465ee728b)
Number of updated assets reloaded before import = 0
Start importing Assets/izydewcol/assetstuff/gasmaskfilter/textures/GP5Low_Base_Normal.png using Guid(a43bf6942fc6048438ebb1b1e8204a9c) Importer(815301076,1909f56bfc062723c751e8b465ee728b)  -> (artifact id: '5a7a1818ebb3b0020fc115b99233556a') in 0.010847 seconds 
Number of asset objects unloaded after import = 2
========================================================================
Received Import Request.
  Time since last request: 0.000032 seconds.
  path: Assets/izydewcol/pipes/source/materials/modular_pipes_pipes.002_BaseColor.mat
  artifactKey: Guid(ce3f75f1f0681094d932a8ce8c3bc63a) Importer(815301076,1909f56bfc062723c751e8b465ee728b)
Number of updated assets reloaded before import = 0
Start importing Assets/izydewcol/pipes/source/materials/modular_pipes_pipes.002_BaseColor.mat using Guid(ce3f75f1f0681094d932a8ce8c3bc63a) Importer(815301076,1909f56bfc062723c751e8b465ee728b)  -> (artifact id: 'f9713dc790ea651914c5194e5ef431f2') in 0.017046 seconds 
Number of asset objects unloaded after import = 3
========================================================================
Received Import Request.
  Time since last request: 0.000018 seconds.
  path: Assets/izydewcol/pipes/source/Pipe.061.asset
  artifactKey: Guid(76b043b4b3885394f8d72248a2bc9c66) Importer(815301076,1909f56bfc062723c751e8b465ee728b)
Number of updated assets reloaded before import = 0
Start importing Assets/izydewcol/pipes/source/Pipe.061.asset using Guid(76b043b4b3885394f8d72248a2bc9c66) Importer(815301076,1909f56bfc062723c751e8b465ee728b)  -> (artifact id: '4fbdb9eee8f22688ab559531629656a7') in 0.011260 seconds 
Number of asset objects unloaded after import = 1
========================================================================
Received Import Request.
  Time since last request: 0.000016 seconds.
  path: Assets/izydewcol/pipes/source/stoppers.001.mat
  artifactKey: Guid(35fe6bb7b3243e14ab422ddf69a65c55) Importer(815301076,1909f56bfc062723c751e8b465ee728b)
Number of updated assets reloaded before import = 0
Start importing Assets/izydewcol/pipes/source/stoppers.001.mat using Guid(35fe6bb7b3243e14ab422ddf69a65c55) Importer(815301076,1909f56bfc062723c751e8b465ee728b)  -> (artifact id: '85f78714ebc6cdbdafcce88d9d6a274d') in 0.012125 seconds 
Number of asset objects unloaded after import = 1
========================================================================
Received Import Request.
  Time since last request: 0.000016 seconds.
  path: Assets/izydewcol/pipes/source/Pipe.067.asset
  artifactKey: Guid(d53e2abe8e341a64cb47ee16bd79ca45) Importer(815301076,1909f56bfc062723c751e8b465ee728b)
Number of updated assets reloaded before import = 0
Start importing Assets/izydewcol/pipes/source/Pipe.067.asset using Guid(d53e2abe8e341a64cb47ee16bd79ca45) Importer(815301076,1909f56bfc062723c751e8b465ee728b)  -> (artifact id: '0efdda253407a50a3140996ee3010f3e') in 0.011973 seconds 
Number of asset objects unloaded after import = 1
========================================================================
Received Import Request.
  Time since last request: 0.000016 seconds.
  path: Assets/izydewcol/pipes/source/Pipe.068.asset
  artifactKey: Guid(99d7e135a040d754590e3aa6d834d8b5) Importer(815301076,1909f56bfc062723c751e8b465ee728b)
Number of updated assets reloaded before import = 0
Start importing Assets/izydewcol/pipes/source/Pipe.068.asset using Guid(99d7e135a040d754590e3aa6d834d8b5) Importer(815301076,1909f56bfc062723c751e8b465ee728b)  -> (artifact id: 'a4f206f95974f9f539ac966f820bf1a9') in 0.012246 seconds 
Number of asset objects unloaded after import = 1
========================================================================
Received Import Request.
  Time since last request: 0.000016 seconds.
  path: Assets/izydewcol/assetstuff/collectorDew_LOD0.001.asset
  artifactKey: Guid(86f5c40bfd9d0dd41beebc5cc6bd96ef) Importer(815301076,1909f56bfc062723c751e8b465ee728b)
Number of updated assets reloaded before import = 0
Start importing Assets/izydewcol/assetstuff/collectorDew_LOD0.001.asset using Guid(86f5c40bfd9d0dd41beebc5cc6bd96ef) Importer(815301076,1909f56bfc062723c751e8b465ee728b)  -> (artifact id: 'e3610c19176b03c2475462d5cce804ec') in 0.013306 seconds 
Number of asset objects unloaded after import = 1
========================================================================
Received Import Request.
  Time since last request: 0.000012 seconds.
  path: Assets/izydewcol/assetstuff/Dew_COL_seppa.prefab
  artifactKey: Guid(27283b1294896db49abe95601daadff9) Importer(815301076,1909f56bfc062723c751e8b465ee728b)
Number of updated assets reloaded before import = 0
Start importing Assets/izydewcol/assetstuff/Dew_COL_seppa.prefab using Guid(27283b1294896db49abe95601daadff9) Importer(815301076,1909f56bfc062723c751e8b465ee728b)  -> (artifact id: '46c3c194dba8dc07fd64a611ff9324af') in 0.021662 seconds 
Number of asset objects unloaded after import = 27
========================================================================
Received Prepare
Refreshing native plugins compatible for Editor in 0.02 ms, found 0 plugins.
Preloading 0 native plugins for Editor in 0.00 ms.
Unloading 0 Unused Serialized files (Serialized files now loaded: 0)
Unloading 0 unused Assets / (0 B). Loaded Objects now: 527.
Memory consumption went from 24.9 MB to 24.9 MB.
Total: 2.018200 ms (FindLiveObjects: 0.033500 ms CreateObjectMapping: 0.002800 ms MarkObjects: 1.977600 ms  DeleteObjects: 0.003300 ms)

AssetImportParameters requested are different than current active one (requested -> active):
  custom:video-decoder-ogg-theora: a1e56fd34408186e4bbccfd4996cb3dc -> 
  custom:container-muxer-webm: aa71ff27fc2769a1b78a27578f13a17b -> 
  custom:container-demuxer-webm: 4f35f7cbe854078d1ac9338744f61a02 -> 
  custom:video-encoder-webm-vp8: eb34c28f22e8b96e1ab97ce403110664 -> 
  custom:video-codec-MediaFoundation-h265: 746d11721c4dcdbdad8f713fa42b33f4 -> 
  custom:CustomObjectIndexerAttribute: bc11b3a6c3213fcdd17b65e7da85e133 -> 
  custom:audio-encoder-webm-vorbis: bf7c407c2cedff20999df2af8eb42d56 -> 
  custom:framework-win-MediaFoundation: 216162199b28c13a410421893ffa2e32 -> 
  custom:SearchIndexIgnoredProperties: e643bd26f0fe6173181afceb89e7c659 -> 
  custom:container-demuxer-ogg: 62fdf1f143b41e24485cea50d1cbac27 -> 
  custom:video-decoder-webm-vp8: 9c59270c3fd7afecdb556c50c9e8de78 -> 
  custom:audio-decoder-ogg-vorbis: bf7c407c2cedff20999df2af8eb42d56 -> 
========================================================================
Received Prepare
Refreshing native plugins compatible for Editor in 0.03 ms, found 0 plugins.
Preloading 0 native plugins for Editor in 0.00 ms.
Unloading 0 Unused Serialized files (Serialized files now loaded: 0)
Unloading 0 unused Assets / (0 B). Loaded Objects now: 527.
Memory consumption went from 24.9 MB to 24.9 MB.
Total: 1.854200 ms (FindLiveObjects: 0.031200 ms CreateObjectMapping: 0.002500 ms MarkObjects: 1.816200 ms  DeleteObjects: 0.003100 ms)

AssetImportParameters requested are different than current active one (requested -> active):
  graphicsApiMask: 2228228 -> 4
  custom:video-decoder-ogg-theora: a1e56fd34408186e4bbccfd4996cb3dc -> 
  custom:container-muxer-webm: aa71ff27fc2769a1b78a27578f13a17b -> 
  custom:container-demuxer-webm: 4f35f7cbe854078d1ac9338744f61a02 -> 
  custom:video-encoder-webm-vp8: eb34c28f22e8b96e1ab97ce403110664 -> 
  custom:video-codec-MediaFoundation-h265: 746d11721c4dcdbdad8f713fa42b33f4 -> 
  custom:CustomObjectIndexerAttribute: bc11b3a6c3213fcdd17b65e7da85e133 -> 
  custom:audio-encoder-webm-vorbis: bf7c407c2cedff20999df2af8eb42d56 -> 
  custom:framework-win-MediaFoundation: 216162199b28c13a410421893ffa2e32 -> 
  custom:SearchIndexIgnoredProperties: e643bd26f0fe6173181afceb89e7c659 -> 
  custom:container-demuxer-ogg: 62fdf1f143b41e24485cea50d1cbac27 -> 
  custom:video-decoder-webm-vp8: 9c59270c3fd7afecdb556c50c9e8de78 -> 
  custom:audio-decoder-ogg-vorbis: bf7c407c2cedff20999df2af8eb42d56 -> 
========================================================================
Received Prepare
Refreshing native plugins compatible for Editor in 0.03 ms, found 0 plugins.
Preloading 0 native plugins for Editor in 0.00 ms.
Unloading 0 Unused Serialized files (Serialized files now loaded: 0)
Unloading 0 unused Assets / (0 B). Loaded Objects now: 527.
Memory consumption went from 24.9 MB to 24.9 MB.
Total: 2.107900 ms (FindLiveObjects: 0.050000 ms CreateObjectMapping: 0.004800 ms MarkObjects: 2.048200 ms  DeleteObjects: 0.004000 ms)

AssetImportParameters requested are different than current active one (requested -> active):
  custom:video-decoder-ogg-theora: a1e56fd34408186e4bbccfd4996cb3dc -> 
  custom:container-muxer-webm: aa71ff27fc2769a1b78a27578f13a17b -> 
  custom:container-demuxer-webm: 4f35f7cbe854078d1ac9338744f61a02 -> 
  custom:video-encoder-webm-vp8: eb34c28f22e8b96e1ab97ce403110664 -> 
  custom:video-codec-MediaFoundation-h265: 746d11721c4dcdbdad8f713fa42b33f4 -> 
  custom:CustomObjectIndexerAttribute: bc11b3a6c3213fcdd17b65e7da85e133 -> 
  custom:audio-encoder-webm-vorbis: bf7c407c2cedff20999df2af8eb42d56 -> 
  custom:framework-win-MediaFoundation: 216162199b28c13a410421893ffa2e32 -> 
  custom:SearchIndexIgnoredProperties: e643bd26f0fe6173181afceb89e7c659 -> 
  custom:container-demuxer-ogg: 62fdf1f143b41e24485cea50d1cbac27 -> 
  custom:video-decoder-webm-vp8: 9c59270c3fd7afecdb556c50c9e8de78 -> 
  custom:audio-decoder-ogg-vorbis: bf7c407c2cedff20999df2af8eb42d56 -> 
========================================================================
Received Prepare
Refreshing native plugins compatible for Editor in 0.02 ms, found 0 plugins.
Preloading 0 native plugins for Editor in 0.00 ms.
Unloading 0 Unused Serialized files (Serialized files now loaded: 0)
Unloading 0 unused Assets / (0 B). Loaded Objects now: 527.
Memory consumption went from 24.9 MB to 24.9 MB.
Total: 2.916300 ms (FindLiveObjects: 0.037200 ms CreateObjectMapping: 0.002700 ms MarkObjects: 2.872100 ms  DeleteObjects: 0.003400 ms)

AssetImportParameters requested are different than current active one (requested -> active):
  graphicsApiMask: 4 -> 2228228
  custom:video-decoder-ogg-theora: a1e56fd34408186e4bbccfd4996cb3dc -> 
  custom:container-muxer-webm: aa71ff27fc2769a1b78a27578f13a17b -> 
  custom:container-demuxer-webm: 4f35f7cbe854078d1ac9338744f61a02 -> 
  custom:video-encoder-webm-vp8: eb34c28f22e8b96e1ab97ce403110664 -> 
  custom:video-codec-MediaFoundation-h265: 746d11721c4dcdbdad8f713fa42b33f4 -> 
  custom:CustomObjectIndexerAttribute: bc11b3a6c3213fcdd17b65e7da85e133 -> 
  custom:audio-encoder-webm-vorbis: bf7c407c2cedff20999df2af8eb42d56 -> 
  custom:framework-win-MediaFoundation: 216162199b28c13a410421893ffa2e32 -> 
  custom:SearchIndexIgnoredProperties: e643bd26f0fe6173181afceb89e7c659 -> 
  custom:container-demuxer-ogg: 62fdf1f143b41e24485cea50d1cbac27 -> 
  custom:video-decoder-webm-vp8: 9c59270c3fd7afecdb556c50c9e8de78 -> 
  custom:audio-decoder-ogg-vorbis: bf7c407c2cedff20999df2af8eb42d56 -> 
========================================================================
Received Prepare
Refreshing native plugins compatible for Editor in 0.03 ms, found 0 plugins.
Preloading 0 native plugins for Editor in 0.00 ms.
Unloading 0 Unused Serialized files (Serialized files now loaded: 0)
Unloading 0 unused Assets / (0 B). Loaded Objects now: 527.
Memory consumption went from 24.9 MB to 24.9 MB.
Total: 1.755400 ms (FindLiveObjects: 0.033300 ms CreateObjectMapping: 0.002900 ms MarkObjects: 1.714500 ms  DeleteObjects: 0.003900 ms)

AssetImportParameters requested are different than current active one (requested -> active):
  graphicsApiMask: 4 -> 2228228
  custom:video-decoder-ogg-theora: a1e56fd34408186e4bbccfd4996cb3dc -> 
  custom:container-muxer-webm: aa71ff27fc2769a1b78a27578f13a17b -> 
  custom:container-demuxer-webm: 4f35f7cbe854078d1ac9338744f61a02 -> 
  custom:video-encoder-webm-vp8: eb34c28f22e8b96e1ab97ce403110664 -> 
  custom:video-codec-MediaFoundation-h265: 746d11721c4dcdbdad8f713fa42b33f4 -> 
  custom:CustomObjectIndexerAttribute: bc11b3a6c3213fcdd17b65e7da85e133 -> 
  custom:audio-encoder-webm-vorbis: bf7c407c2cedff20999df2af8eb42d56 -> 
  custom:framework-win-MediaFoundation: 216162199b28c13a410421893ffa2e32 -> 
  custom:SearchIndexIgnoredProperties: e643bd26f0fe6173181afceb89e7c659 -> 
  custom:container-demuxer-ogg: 62fdf1f143b41e24485cea50d1cbac27 -> 
  custom:video-decoder-webm-vp8: 9c59270c3fd7afecdb556c50c9e8de78 -> 
  custom:audio-decoder-ogg-vorbis: bf7c407c2cedff20999df2af8eb42d56 -> 
